<?xml version="1.0" encoding="UTF-8"?>
<!-- Generated by org.testng.reporters.JUnitReportReporter -->
<testsuite hostname="DESKTOP-86AGBNQ" failures="0" tests="1" name="com.featheredteam.AppTest" time="0.000" errors="0" timestamp="2023-09-21T14:11:28 EEST" skipped="0">
  <testcase classname="com.featheredteam.AppTest" name="shouldAnswerWithTrue" time="0.000"/>
  <system-out/>
</testsuite> <!-- com.featheredteam.AppTest -->
